22-Oct-2024 15:37:00.203 INFO [main] org.apache.catalina.startup.VersionLoggerListener.log Server version name:   Apache Tomcat/9.0.96
22-Oct-2024 15:37:00.208 INFO [main] org.apache.catalina.startup.VersionLoggerListener.log Server built:          Oct 3 2024 19:44:30 UTC
22-Oct-2024 15:37:00.208 INFO [main] org.apache.catalina.startup.VersionLoggerListener.log Server version number: 9.0.96.0
22-Oct-2024 15:37:00.209 INFO [main] org.apache.catalina.startup.VersionLoggerListener.log OS Name:               Windows 10
22-Oct-2024 15:37:00.209 INFO [main] org.apache.catalina.startup.VersionLoggerListener.log OS Version:            10.0
22-Oct-2024 15:37:00.209 INFO [main] org.apache.catalina.startup.VersionLoggerListener.log Architecture:          amd64
22-Oct-2024 15:37:00.209 INFO [main] org.apache.catalina.startup.VersionLoggerListener.log Java Home:             C:\Users\divyanee.desale\.jdks\jbr-17.0.12
22-Oct-2024 15:37:00.209 INFO [main] org.apache.catalina.startup.VersionLoggerListener.log JVM Version:           17.0.12+1-b1207.37
22-Oct-2024 15:37:00.209 INFO [main] org.apache.catalina.startup.VersionLoggerListener.log JVM Vendor:            JetBrains s.r.o.
22-Oct-2024 15:37:00.209 INFO [main] org.apache.catalina.startup.VersionLoggerListener.log CATALINA_BASE:         C:\Users\divyanee.desale\Downloads\HelloProject\Nutrition-App
22-Oct-2024 15:37:00.209 INFO [main] org.apache.catalina.startup.VersionLoggerListener.log CATALINA_HOME:         C:\Users\divyanee.desale\Downloads\apache-tomcat-9.0.96\apache-tomcat-9.0.96
22-Oct-2024 15:37:00.223 INFO [main] org.apache.catalina.startup.VersionLoggerListener.log Command line argument: --add-opens=java.base/java.lang=ALL-UNNAMED
22-Oct-2024 15:37:00.223 INFO [main] org.apache.catalina.startup.VersionLoggerListener.log Command line argument: --add-opens=java.base/java.io=ALL-UNNAMED
22-Oct-2024 15:37:00.223 INFO [main] org.apache.catalina.startup.VersionLoggerListener.log Command line argument: --add-opens=java.base/java.util=ALL-UNNAMED
22-Oct-2024 15:37:00.223 INFO [main] org.apache.catalina.startup.VersionLoggerListener.log Command line argument: --add-opens=java.base/java.util.concurrent=ALL-UNNAMED
22-Oct-2024 15:37:00.223 INFO [main] org.apache.catalina.startup.VersionLoggerListener.log Command line argument: --add-opens=java.rmi/sun.rmi.transport=ALL-UNNAMED
22-Oct-2024 15:37:00.224 INFO [main] org.apache.catalina.startup.VersionLoggerListener.log Command line argument: -Dcatalina.home=C:\Users\divyanee.desale\Downloads\apache-tomcat-9.0.96\apache-tomcat-9.0.96
22-Oct-2024 15:37:00.224 INFO [main] org.apache.catalina.startup.VersionLoggerListener.log Command line argument: -Dcatalina.base=C:\Users\divyanee.desale\Downloads\HelloProject\Nutrition-App
22-Oct-2024 15:37:00.224 INFO [main] org.apache.catalina.startup.VersionLoggerListener.log Command line argument: -Djava.io.tmpdir=C:\Users\divyanee.desale\Downloads\HelloProject\Nutrition-App\temp
22-Oct-2024 15:37:00.224 INFO [main] org.apache.catalina.startup.VersionLoggerListener.log Command line argument: -Djava.util.logging.config.file=C:\Users\divyanee.desale\Downloads\HelloProject\Nutrition-App\conf\logging.properties
22-Oct-2024 15:37:00.224 INFO [main] org.apache.catalina.startup.VersionLoggerListener.log Command line argument: -Djava.util.logging.manager=org.apache.juli.ClassLoaderLogManager
22-Oct-2024 15:37:00.224 INFO [main] org.apache.catalina.startup.VersionLoggerListener.log Command line argument: -javaagent:C:\Users\divyanee.desale\Downloads\ideaIC-2024.1.4.win\lib\idea_rt.jar=60779:C:\Users\divyanee.desale\Downloads\ideaIC-2024.1.4.win\bin
22-Oct-2024 15:37:00.224 INFO [main] org.apache.catalina.startup.VersionLoggerListener.log Command line argument: -Dfile.encoding=UTF-8
22-Oct-2024 15:37:00.231 INFO [main] org.apache.catalina.core.AprLifecycleListener.lifecycleEvent Loaded Apache Tomcat Native library [1.3.1] using APR version [1.7.4].
22-Oct-2024 15:37:00.231 INFO [main] org.apache.catalina.core.AprLifecycleListener.lifecycleEvent APR capabilities: IPv6 [true], sendfile [true], accept filters [false], random [true], UDS [true].
22-Oct-2024 15:37:00.231 INFO [main] org.apache.catalina.core.AprLifecycleListener.lifecycleEvent APR/OpenSSL configuration: useAprConnector [false], useOpenSSL [true]
22-Oct-2024 15:37:00.245 INFO [main] org.apache.catalina.core.AprLifecycleListener.initializeSSL OpenSSL successfully initialized [OpenSSL 3.0.14 4 Jun 2024]
22-Oct-2024 15:37:00.794 INFO [main] org.apache.coyote.AbstractProtocol.init Initializing ProtocolHandler ["http-nio-8080"]
22-Oct-2024 15:37:00.827 INFO [main] org.apache.catalina.startup.Catalina.load Server initialization in [979] milliseconds
22-Oct-2024 15:37:00.892 INFO [main] org.apache.catalina.core.StandardService.startInternal Starting service [Catalina]
22-Oct-2024 15:37:00.892 INFO [main] org.apache.catalina.core.StandardEngine.startInternal Starting Servlet engine: [Apache Tomcat/9.0.96]
22-Oct-2024 15:37:00.906 INFO [main] org.apache.catalina.startup.HostConfig.deployDescriptor Deploying deployment descriptor [C:\Users\divyanee.desale\Downloads\HelloProject\Nutrition-App\conf\Catalina\localhost\Nutrition-App.xml]
22-Oct-2024 15:37:02.444 INFO [main] org.apache.jasper.servlet.TldScanner.scanJars At least one JAR was scanned for TLDs yet contained no TLDs. Enable debug logging for this logger for a complete list of JARs that were scanned but no TLDs were found in them. Skipping unneeded JARs during scanning can improve startup time and JSP compilation time.
22-Oct-2024 15:37:02.526 INFO [main] org.apache.catalina.startup.HostConfig.deployDescriptor Deployment of deployment descriptor [C:\Users\divyanee.desale\Downloads\HelloProject\Nutrition-App\conf\Catalina\localhost\Nutrition-App.xml] has finished in [1,619] ms
22-Oct-2024 15:37:02.530 INFO [main] org.apache.coyote.AbstractProtocol.start Starting ProtocolHandler ["http-nio-8080"]
22-Oct-2024 15:37:02.591 INFO [main] org.apache.catalina.startup.Catalina.start Server startup in [1762] milliseconds
22-Oct-2024 15:37:32.338 INFO [Thread-1] org.apache.coyote.AbstractProtocol.pause Pausing ProtocolHandler ["http-nio-8080"]
22-Oct-2024 15:37:32.559 INFO [Thread-1] org.apache.catalina.core.StandardService.stopInternal Stopping service [Catalina]
22-Oct-2024 15:37:32.593 INFO [Thread-1] org.apache.coyote.AbstractProtocol.stop Stopping ProtocolHandler ["http-nio-8080"]
22-Oct-2024 15:37:32.607 INFO [Thread-1] org.apache.coyote.AbstractProtocol.destroy Destroying ProtocolHandler ["http-nio-8080"]
